                                 Started job on |	Jun 10 17:11:49
                             Started mapping on |	Jun 10 17:11:49
                                    Finished on |	Jun 10 17:12:29
       Mapping speed, Million of reads per hour |	726.67

                          Number of input reads |	8074059
                      Average input read length |	3
                                    UNIQUE READS:
                   Uniquely mapped reads number |	21978
                        Uniquely mapped reads % |	0.27%
                          Average mapped length |	32.45
                       Number of splices: Total |	217
            Number of splices: Annotated (sjdb) |	93
                       Number of splices: GT/AG |	194
                       Number of splices: GC/AG |	7
                       Number of splices: AT/AC |	0
               Number of splices: Non-canonical |	16
                      Mismatch rate per base, % |	1.05%
                         Deletion rate per base |	0.07%
                        Deletion average length |	1.76
                        Insertion rate per base |	0.00%
                       Insertion average length |	1.18
                             MULTI-MAPPING READS:
        Number of reads mapped to multiple loci |	0
             % of reads mapped to multiple loci |	0.00%
        Number of reads mapped to too many loci |	31125
             % of reads mapped to too many loci |	0.39%
                                  UNMAPPED READS:
       % of reads unmapped: too many mismatches |	0.00%
                 % of reads unmapped: too short |	2.74%
                     % of reads unmapped: other |	96.60%
                                  CHIMERIC READS:
                       Number of chimeric reads |	0
                            % of chimeric reads |	0.00%
