                                 Started job on |	Jun 10 17:09:32
                             Started mapping on |	Jun 10 17:09:32
                                    Finished on |	Jun 10 17:10:18
       Mapping speed, Million of reads per hour |	374.55

                          Number of input reads |	4785910
                      Average input read length |	4
                                    UNIQUE READS:
                   Uniquely mapped reads number |	178123
                        Uniquely mapped reads % |	3.72%
                          Average mapped length |	32.22
                       Number of splices: Total |	1647
            Number of splices: Annotated (sjdb) |	1286
                       Number of splices: GT/AG |	1541
                       Number of splices: GC/AG |	25
                       Number of splices: AT/AC |	1
               Number of splices: Non-canonical |	80
                      Mismatch rate per base, % |	0.79%
                         Deletion rate per base |	0.07%
                        Deletion average length |	1.91
                        Insertion rate per base |	0.00%
                       Insertion average length |	1.27
                             MULTI-MAPPING READS:
        Number of reads mapped to multiple loci |	0
             % of reads mapped to multiple loci |	0.00%
        Number of reads mapped to too many loci |	174963
             % of reads mapped to too many loci |	3.66%
                                  UNMAPPED READS:
       % of reads unmapped: too many mismatches |	0.00%
                 % of reads unmapped: too short |	0.45%
                     % of reads unmapped: other |	92.17%
                                  CHIMERIC READS:
                       Number of chimeric reads |	0
                            % of chimeric reads |	0.00%
