                                 Started job on |	Jun 10 17:17:30
                             Started mapping on |	Jun 10 17:17:30
                                    Finished on |	Jun 10 17:18:58
       Mapping speed, Million of reads per hour |	629.88

                          Number of input reads |	15396981
                      Average input read length |	3
                                    UNIQUE READS:
                   Uniquely mapped reads number |	21715
                        Uniquely mapped reads % |	0.14%
                          Average mapped length |	29.82
                       Number of splices: Total |	400
            Number of splices: Annotated (sjdb) |	141
                       Number of splices: GT/AG |	372
                       Number of splices: GC/AG |	12
                       Number of splices: AT/AC |	0
               Number of splices: Non-canonical |	16
                      Mismatch rate per base, % |	1.20%
                         Deletion rate per base |	0.06%
                        Deletion average length |	1.99
                        Insertion rate per base |	0.00%
                       Insertion average length |	1.00
                             MULTI-MAPPING READS:
        Number of reads mapped to multiple loci |	0
             % of reads mapped to multiple loci |	0.00%
        Number of reads mapped to too many loci |	42658
             % of reads mapped to too many loci |	0.28%
                                  UNMAPPED READS:
       % of reads unmapped: too many mismatches |	0.00%
                 % of reads unmapped: too short |	4.26%
                     % of reads unmapped: other |	95.32%
                                  CHIMERIC READS:
                       Number of chimeric reads |	0
                            % of chimeric reads |	0.00%
