                                 Started job on |	Jun 10 17:09:47
                             Started mapping on |	Jun 10 17:09:48
                                    Finished on |	Jun 10 17:10:49
       Mapping speed, Million of reads per hour |	315.68

                          Number of input reads |	5349001
                      Average input read length |	4
                                    UNIQUE READS:
                   Uniquely mapped reads number |	221287
                        Uniquely mapped reads % |	4.14%
                          Average mapped length |	31.63
                       Number of splices: Total |	2094
            Number of splices: Annotated (sjdb) |	1552
                       Number of splices: GT/AG |	1954
                       Number of splices: GC/AG |	50
                       Number of splices: AT/AC |	1
               Number of splices: Non-canonical |	89
                      Mismatch rate per base, % |	0.92%
                         Deletion rate per base |	0.07%
                        Deletion average length |	1.91
                        Insertion rate per base |	0.00%
                       Insertion average length |	1.13
                             MULTI-MAPPING READS:
        Number of reads mapped to multiple loci |	0
             % of reads mapped to multiple loci |	0.00%
        Number of reads mapped to too many loci |	237274
             % of reads mapped to too many loci |	4.44%
                                  UNMAPPED READS:
       % of reads unmapped: too many mismatches |	0.00%
                 % of reads unmapped: too short |	0.31%
                     % of reads unmapped: other |	91.11%
                                  CHIMERIC READS:
                       Number of chimeric reads |	0
                            % of chimeric reads |	0.00%
