                                 Started job on |	Jun 10 17:07:07
                             Started mapping on |	Jun 10 17:08:07
                                    Finished on |	Jun 10 17:08:16
       Mapping speed, Million of reads per hour |	520.10

                          Number of input reads |	1300254
                      Average input read length |	3
                                    UNIQUE READS:
                   Uniquely mapped reads number |	19364
                        Uniquely mapped reads % |	1.49%
                          Average mapped length |	34.45
                       Number of splices: Total |	229
            Number of splices: Annotated (sjdb) |	178
                       Number of splices: GT/AG |	221
                       Number of splices: GC/AG |	3
                       Number of splices: AT/AC |	0
               Number of splices: Non-canonical |	5
                      Mismatch rate per base, % |	0.97%
                         Deletion rate per base |	0.07%
                        Deletion average length |	1.78
                        Insertion rate per base |	0.00%
                       Insertion average length |	1.27
                             MULTI-MAPPING READS:
        Number of reads mapped to multiple loci |	0
             % of reads mapped to multiple loci |	0.00%
        Number of reads mapped to too many loci |	19150
             % of reads mapped to too many loci |	1.47%
                                  UNMAPPED READS:
       % of reads unmapped: too many mismatches |	0.00%
                 % of reads unmapped: too short |	0.46%
                     % of reads unmapped: other |	96.57%
                                  CHIMERIC READS:
                       Number of chimeric reads |	0
                            % of chimeric reads |	0.00%
