                                 Started job on |	Jun 10 17:06:05
                             Started mapping on |	Jun 10 17:08:06
                                    Finished on |	Jun 10 17:08:10
       Mapping speed, Million of reads per hour |	145.20

                          Number of input reads |	161334
                      Average input read length |	7
                                    UNIQUE READS:
                   Uniquely mapped reads number |	8662
                        Uniquely mapped reads % |	5.37%
                          Average mapped length |	34.87
                       Number of splices: Total |	137
            Number of splices: Annotated (sjdb) |	108
                       Number of splices: GT/AG |	126
                       Number of splices: GC/AG |	5
                       Number of splices: AT/AC |	0
               Number of splices: Non-canonical |	6
                      Mismatch rate per base, % |	1.04%
                         Deletion rate per base |	0.08%
                        Deletion average length |	1.88
                        Insertion rate per base |	0.00%
                       Insertion average length |	1.17
                             MULTI-MAPPING READS:
        Number of reads mapped to multiple loci |	0
             % of reads mapped to multiple loci |	0.00%
        Number of reads mapped to too many loci |	8533
             % of reads mapped to too many loci |	5.29%
                                  UNMAPPED READS:
       % of reads unmapped: too many mismatches |	0.00%
                 % of reads unmapped: too short |	2.12%
                     % of reads unmapped: other |	87.22%
                                  CHIMERIC READS:
                       Number of chimeric reads |	0
                            % of chimeric reads |	0.00%
