                                 Started job on |	Jun 10 17:11:12
                             Started mapping on |	Jun 10 17:11:12
                                    Finished on |	Jun 10 17:14:01
       Mapping speed, Million of reads per hour |	151.66

                          Number of input reads |	7119783
                      Average input read length |	9
                                    UNIQUE READS:
                   Uniquely mapped reads number |	811370
                        Uniquely mapped reads % |	11.40%
                          Average mapped length |	33.83
                       Number of splices: Total |	8000
            Number of splices: Annotated (sjdb) |	6253
                       Number of splices: GT/AG |	7426
                       Number of splices: GC/AG |	166
                       Number of splices: AT/AC |	2
               Number of splices: Non-canonical |	406
                      Mismatch rate per base, % |	0.83%
                         Deletion rate per base |	0.07%
                        Deletion average length |	1.90
                        Insertion rate per base |	0.00%
                       Insertion average length |	1.22
                             MULTI-MAPPING READS:
        Number of reads mapped to multiple loci |	0
             % of reads mapped to multiple loci |	0.00%
        Number of reads mapped to too many loci |	689952
             % of reads mapped to too many loci |	9.69%
                                  UNMAPPED READS:
       % of reads unmapped: too many mismatches |	0.00%
                 % of reads unmapped: too short |	0.40%
                     % of reads unmapped: other |	78.51%
                                  CHIMERIC READS:
                       Number of chimeric reads |	0
                            % of chimeric reads |	0.00%
