                                 Started job on |	Jun 10 17:22:59
                             Started mapping on |	Jun 10 17:22:59
                                    Finished on |	Jun 10 17:25:43
       Mapping speed, Million of reads per hour |	492.01

                          Number of input reads |	22413896
                      Average input read length |	4
                                    UNIQUE READS:
                   Uniquely mapped reads number |	19359
                        Uniquely mapped reads % |	0.09%
                          Average mapped length |	27.68
                       Number of splices: Total |	554
            Number of splices: Annotated (sjdb) |	156
                       Number of splices: GT/AG |	526
                       Number of splices: GC/AG |	13
                       Number of splices: AT/AC |	0
               Number of splices: Non-canonical |	15
                      Mismatch rate per base, % |	1.28%
                         Deletion rate per base |	0.04%
                        Deletion average length |	1.84
                        Insertion rate per base |	0.00%
                       Insertion average length |	1.33
                             MULTI-MAPPING READS:
        Number of reads mapped to multiple loci |	0
             % of reads mapped to multiple loci |	0.00%
        Number of reads mapped to too many loci |	60324
             % of reads mapped to too many loci |	0.27%
                                  UNMAPPED READS:
       % of reads unmapped: too many mismatches |	0.00%
                 % of reads unmapped: too short |	6.11%
                     % of reads unmapped: other |	93.53%
                                  CHIMERIC READS:
                       Number of chimeric reads |	0
                            % of chimeric reads |	0.00%
