                                 Started job on |	Jun 10 17:08:34
                             Started mapping on |	Jun 10 17:08:34
                                    Finished on |	Jun 10 17:09:31
       Mapping speed, Million of reads per hour |	215.29

                          Number of input reads |	3408703
                      Average input read length |	6
                                    UNIQUE READS:
                   Uniquely mapped reads number |	132722
                        Uniquely mapped reads % |	3.89%
                          Average mapped length |	30.33
                       Number of splices: Total |	830
            Number of splices: Annotated (sjdb) |	409
                       Number of splices: GT/AG |	706
                       Number of splices: GC/AG |	19
                       Number of splices: AT/AC |	0
               Number of splices: Non-canonical |	105
                      Mismatch rate per base, % |	0.98%
                         Deletion rate per base |	0.07%
                        Deletion average length |	1.87
                        Insertion rate per base |	0.00%
                       Insertion average length |	1.29
                             MULTI-MAPPING READS:
        Number of reads mapped to multiple loci |	0
             % of reads mapped to multiple loci |	0.00%
        Number of reads mapped to too many loci |	180307
             % of reads mapped to too many loci |	5.29%
                                  UNMAPPED READS:
       % of reads unmapped: too many mismatches |	0.00%
                 % of reads unmapped: too short |	1.69%
                     % of reads unmapped: other |	89.13%
                                  CHIMERIC READS:
                       Number of chimeric reads |	0
                            % of chimeric reads |	0.00%
