                                 Started job on |	Jun 10 17:06:01
                             Started mapping on |	Jun 10 17:07:36
                                    Finished on |	Jun 10 17:07:38
       Mapping speed, Million of reads per hour |	100.80

                          Number of input reads |	56002
                      Average input read length |	17
                                    UNIQUE READS:
                   Uniquely mapped reads number |	12853
                        Uniquely mapped reads % |	22.95%
                          Average mapped length |	37.92
                       Number of splices: Total |	153
            Number of splices: Annotated (sjdb) |	135
                       Number of splices: GT/AG |	144
                       Number of splices: GC/AG |	8
                       Number of splices: AT/AC |	0
               Number of splices: Non-canonical |	1
                      Mismatch rate per base, % |	0.80%
                         Deletion rate per base |	0.03%
                        Deletion average length |	1.87
                        Insertion rate per base |	0.00%
                       Insertion average length |	1.20
                             MULTI-MAPPING READS:
        Number of reads mapped to multiple loci |	0
             % of reads mapped to multiple loci |	0.00%
        Number of reads mapped to too many loci |	8785
             % of reads mapped to too many loci |	15.69%
                                  UNMAPPED READS:
       % of reads unmapped: too many mismatches |	0.00%
                 % of reads unmapped: too short |	0.47%
                     % of reads unmapped: other |	60.89%
                                  CHIMERIC READS:
                       Number of chimeric reads |	0
                            % of chimeric reads |	0.00%
